<?xml version="1.0" encoding="UTF-8"?>
<!-- Generated by org.testng.reporters.JUnitReportReporter -->
<testsuite hostname="DESKTOP-7VP1M3O" name="qaclickacademy.testcases.RegisterPageTestCases" tests="1" failures="0" timestamp="22 Oct 2018 05:57:31 GMT" time="4.990" errors="0">
  <testcase name="verifyRegPage" time="4.990" classname="qaclickacademy.testcases.RegisterPageTestCases"/>
</testsuite> <!-- qaclickacademy.testcases.RegisterPageTestCases -->
