<?xml version="1.0" encoding="UTF-8"?>
<!-- Generated by org.testng.reporters.JUnitReportReporter -->
<testsuite hostname="DESKTOP-7VP1M3O" name="qaclickacademy.testcases.LoginPageTestCases" tests="1" failures="0" timestamp="22 Oct 2018 05:57:31 GMT" time="8.862" errors="0">
  <testcase name="verifyLoginPage" time="8.862" classname="qaclickacademy.testcases.LoginPageTestCases"/>
</testsuite> <!-- qaclickacademy.testcases.LoginPageTestCases -->
