<?xml version="1.0" encoding="UTF-8"?>
<!-- Generated by org.testng.reporters.JUnitReportReporter -->
<testsuite hostname="DESKTOP-7VP1M3O" name="qaclickacademy.testcases.LandingPageTestCases" tests="9" failures="0" timestamp="22 Oct 2018 05:57:31 GMT" time="172.369" errors="0">
  <testcase name="verifyVideoPage" time="17.795" classname="qaclickacademy.testcases.LandingPageTestCases"/>
  <testcase name="verifyinterviewGuidePage" time="16.960" classname="qaclickacademy.testcases.LandingPageTestCases"/>
  <testcase name="verifyCoursePage" time="20.840" classname="qaclickacademy.testcases.LandingPageTestCases"/>
  <testcase name="verifyblogPage" time="17.542" classname="qaclickacademy.testcases.LandingPageTestCases"/>
  <testcase name="verifyaboutPage" time="18.122" classname="qaclickacademy.testcases.LandingPageTestCases"/>
  <testcase name="verifycontactPage" time="18.259" classname="qaclickacademy.testcases.LandingPageTestCases"/>
  <testcase name="verifyregisterPage" time="18.514" classname="qaclickacademy.testcases.LandingPageTestCases"/>
  <testcase name="verifyLandingPage" time="22.058" classname="qaclickacademy.testcases.LandingPageTestCases"/>
  <testcase name="verifypractisePage" time="22.279" classname="qaclickacademy.testcases.LandingPageTestCases"/>
</testsuite> <!-- qaclickacademy.testcases.LandingPageTestCases -->
